The system is: Linux - 2.6.32-28-generic - x86_64
Compiling the C compiler identification source file "CMakeCCompilerId.c" succeeded.
Compiler: /u/mdixon/bin/gcc 
Build flags: 
Id flags: 

The output was:
0


Compilation of the C compiler identification source "CMakeCCompilerId.c" produced "a.out"

The C compiler identification is GNU, found in "/wg/stor2a/mdixon/pcl/branches/pcl-1.1.x/build/CMakeFiles/CompilerIdC/a.out"

Compiling the CXX compiler identification source file "CMakeCXXCompilerId.cpp" succeeded.
Compiler: /u/mdixon/bin/c++ 
Build flags: 
Id flags: 

The output was:
0


Compilation of the CXX compiler identification source "CMakeCXXCompilerId.cpp" produced "a.out"

The CXX compiler identification is GNU, found in "/wg/stor2a/mdixon/pcl/branches/pcl-1.1.x/build/CMakeFiles/CompilerIdCXX/a.out"

Determining if the C compiler works passed with the following output:
Change Dir: /wg/stor2a/mdixon/pcl/branches/pcl-1.1.x/build/CMakeFiles/CMakeTmp

Run Build Command:/usr/bin/make "cmTryCompileExec/fast"
/usr/bin/make -f CMakeFiles/cmTryCompileExec.dir/build.make CMakeFiles/cmTryCompileExec.dir/build
make[1]: Entering directory `/wg/stor2a/mdixon/pcl/branches/pcl-1.1.x/build/CMakeFiles/CMakeTmp'
/usr/local/bin/cmake -E cmake_progress_report /wg/stor2a/mdixon/pcl/branches/pcl-1.1.x/build/CMakeFiles/CMakeTmp/CMakeFiles 1
Building C object CMakeFiles/cmTryCompileExec.dir/testCCompiler.c.o
/u/mdixon/bin/gcc    -o CMakeFiles/cmTryCompileExec.dir/testCCompiler.c.o   -c /wg/stor2a/mdixon/pcl/branches/pcl-1.1.x/build/CMakeFiles/CMakeTmp/testCCompiler.c
Linking C executable cmTryCompileExec
/usr/local/bin/cmake -E cmake_link_script CMakeFiles/cmTryCompileExec.dir/link.txt --verbose=1
/u/mdixon/bin/gcc        CMakeFiles/cmTryCompileExec.dir/testCCompiler.c.o  -o cmTryCompileExec -rdynamic 
make[1]: Leaving directory `/wg/stor2a/mdixon/pcl/branches/pcl-1.1.x/build/CMakeFiles/CMakeTmp'


Detecting C compiler ABI info compiled with the following output:
Change Dir: /wg/stor2a/mdixon/pcl/branches/pcl-1.1.x/build/CMakeFiles/CMakeTmp

Run Build Command:/usr/bin/make "cmTryCompileExec/fast"
/usr/bin/make -f CMakeFiles/cmTryCompileExec.dir/build.make CMakeFiles/cmTryCompileExec.dir/build
make[1]: Entering directory `/wg/stor2a/mdixon/pcl/branches/pcl-1.1.x/build/CMakeFiles/CMakeTmp'
/usr/local/bin/cmake -E cmake_progress_report /wg/stor2a/mdixon/pcl/branches/pcl-1.1.x/build/CMakeFiles/CMakeTmp/CMakeFiles 1
Building C object CMakeFiles/cmTryCompileExec.dir/CMakeCCompilerABI.c.o
/u/mdixon/bin/gcc    -o CMakeFiles/cmTryCompileExec.dir/CMakeCCompilerABI.c.o   -c /usr/local/share/cmake-2.8/Modules/CMakeCCompilerABI.c
Linking C executable cmTryCompileExec
/usr/local/bin/cmake -E cmake_link_script CMakeFiles/cmTryCompileExec.dir/link.txt --verbose=1
/u/mdixon/bin/gcc       -v CMakeFiles/cmTryCompileExec.dir/CMakeCCompilerABI.c.o  -o cmTryCompileExec -rdynamic  
Using built-in specs.
Target: x86_64-linux-gnu
Configured with: ../src/configure -v --with-pkgversion='Ubuntu 4.4.3-4ubuntu5' --with-bugurl=file:///usr/share/doc/gcc-4.4/README.Bugs --enable-languages=c,c++,fortran,objc,obj-c++ --prefix=/usr --enable-shared --enable-multiarch --enable-linker-build-id --with-system-zlib --libexecdir=/usr/lib --without-included-gettext --enable-threads=posix --with-gxx-include-dir=/usr/include/c++/4.4 --program-suffix=-4.4 --enable-nls --enable-clocale=gnu --enable-libstdcxx-debug --enable-plugin --enable-objc-gc --disable-werror --with-arch-32=i486 --with-tune=generic --enable-checking=release --build=x86_64-linux-gnu --host=x86_64-linux-gnu --target=x86_64-linux-gnu
Thread model: posix
gcc version 4.4.3 (Ubuntu 4.4.3-4ubuntu5) 
COMPILER_PATH=/usr/lib/gcc/x86_64-linux-gnu/4.4.3/:/usr/lib/gcc/x86_64-linux-gnu/4.4.3/:/usr/lib/gcc/x86_64-linux-gnu/:/usr/lib/gcc/x86_64-linux-gnu/4.4.3/:/usr/lib/gcc/x86_64-linux-gnu/:/usr/lib/gcc/x86_64-linux-gnu/4.4.3/:/usr/lib/gcc/x86_64-linux-gnu/
LIBRARY_PATH=/usr/lib/gcc/x86_64-linux-gnu/4.4.3/:/usr/lib/gcc/x86_64-linux-gnu/4.4.3/:/usr/lib/gcc/x86_64-linux-gnu/4.4.3/../../../../lib/:/lib/../lib/:/usr/lib/../lib/:/usr/lib/gcc/x86_64-linux-gnu/4.4.3/../../../:/lib/:/usr/lib/:/usr/lib/x86_64-linux-gnu/
COLLECT_GCC_OPTIONS='-v' '-o' 'cmTryCompileExec' '-rdynamic' '-mtune=generic'
 /usr/lib/gcc/x86_64-linux-gnu/4.4.3/collect2 --build-id --eh-frame-hdr -m elf_x86_64 --hash-style=both -export-dynamic -dynamic-linker /lib64/ld-linux-x86-64.so.2 -o cmTryCompileExec -z relro /usr/lib/gcc/x86_64-linux-gnu/4.4.3/../../../../lib/crt1.o /usr/lib/gcc/x86_64-linux-gnu/4.4.3/../../../../lib/crti.o /usr/lib/gcc/x86_64-linux-gnu/4.4.3/crtbegin.o -L/usr/lib/gcc/x86_64-linux-gnu/4.4.3 -L/usr/lib/gcc/x86_64-linux-gnu/4.4.3 -L/usr/lib/gcc/x86_64-linux-gnu/4.4.3/../../../../lib -L/lib/../lib -L/usr/lib/../lib -L/usr/lib/gcc/x86_64-linux-gnu/4.4.3/../../.. -L/usr/lib/x86_64-linux-gnu CMakeFiles/cmTryCompileExec.dir/CMakeCCompilerABI.c.o -lgcc --as-needed -lgcc_s --no-as-needed -lc -lgcc --as-needed -lgcc_s --no-as-needed /usr/lib/gcc/x86_64-linux-gnu/4.4.3/crtend.o /usr/lib/gcc/x86_64-linux-gnu/4.4.3/../../../../lib/crtn.o
make[1]: Leaving directory `/wg/stor2a/mdixon/pcl/branches/pcl-1.1.x/build/CMakeFiles/CMakeTmp'


Parsed C implicit link information from above output:
  link line regex: [^( *|.*[/\])(ld|ld|collect2)[^/\]*( |$)]
  ignore line: [Change Dir: /wg/stor2a/mdixon/pcl/branches/pcl-1.1.x/build/CMakeFiles/CMakeTmp]
  ignore line: []
  ignore line: [Run Build Command:/usr/bin/make "cmTryCompileExec/fast"]
  ignore line: [/usr/bin/make -f CMakeFiles/cmTryCompileExec.dir/build.make CMakeFiles/cmTryCompileExec.dir/build]
  ignore line: [make[1]: Entering directory `/wg/stor2a/mdixon/pcl/branches/pcl-1.1.x/build/CMakeFiles/CMakeTmp']
  ignore line: [/usr/local/bin/cmake -E cmake_progress_report /wg/stor2a/mdixon/pcl/branches/pcl-1.1.x/build/CMakeFiles/CMakeTmp/CMakeFiles 1]
  ignore line: [Building C object CMakeFiles/cmTryCompileExec.dir/CMakeCCompilerABI.c.o]
  ignore line: [/u/mdixon/bin/gcc    -o CMakeFiles/cmTryCompileExec.dir/CMakeCCompilerABI.c.o   -c /usr/local/share/cmake-2.8/Modules/CMakeCCompilerABI.c]
  ignore line: [Linking C executable cmTryCompileExec]
  ignore line: [/usr/local/bin/cmake -E cmake_link_script CMakeFiles/cmTryCompileExec.dir/link.txt --verbose=1]
  ignore line: [/u/mdixon/bin/gcc       -v CMakeFiles/cmTryCompileExec.dir/CMakeCCompilerABI.c.o  -o cmTryCompileExec -rdynamic  ]
  ignore line: [Using built-in specs.]
  ignore line: [Target: x86_64-linux-gnu]
  ignore line: [Configured with: ../src/configure -v --with-pkgversion='Ubuntu 4.4.3-4ubuntu5' --with-bugurl=file:///usr/share/doc/gcc-4.4/README.Bugs --enable-languages=c,c++,fortran,objc,obj-c++ --prefix=/usr --enable-shared --enable-multiarch --enable-linker-build-id --with-system-zlib --libexecdir=/usr/lib --without-included-gettext --enable-threads=posix --with-gxx-include-dir=/usr/include/c++/4.4 --program-suffix=-4.4 --enable-nls --enable-clocale=gnu --enable-libstdcxx-debug --enable-plugin --enable-objc-gc --disable-werror --with-arch-32=i486 --with-tune=generic --enable-checking=release --build=x86_64-linux-gnu --host=x86_64-linux-gnu --target=x86_64-linux-gnu]
  ignore line: [Thread model: posix]
  ignore line: [gcc version 4.4.3 (Ubuntu 4.4.3-4ubuntu5) ]
  ignore line: [COMPILER_PATH=/usr/lib/gcc/x86_64-linux-gnu/4.4.3/:/usr/lib/gcc/x86_64-linux-gnu/4.4.3/:/usr/lib/gcc/x86_64-linux-gnu/:/usr/lib/gcc/x86_64-linux-gnu/4.4.3/:/usr/lib/gcc/x86_64-linux-gnu/:/usr/lib/gcc/x86_64-linux-gnu/4.4.3/:/usr/lib/gcc/x86_64-linux-gnu/]
  ignore line: [LIBRARY_PATH=/usr/lib/gcc/x86_64-linux-gnu/4.4.3/:/usr/lib/gcc/x86_64-linux-gnu/4.4.3/:/usr/lib/gcc/x86_64-linux-gnu/4.4.3/../../../../lib/:/lib/../lib/:/usr/lib/../lib/:/usr/lib/gcc/x86_64-linux-gnu/4.4.3/../../../:/lib/:/usr/lib/:/usr/lib/x86_64-linux-gnu/]
  ignore line: [COLLECT_GCC_OPTIONS='-v' '-o' 'cmTryCompileExec' '-rdynamic' '-mtune=generic']
  link line: [ /usr/lib/gcc/x86_64-linux-gnu/4.4.3/collect2 --build-id --eh-frame-hdr -m elf_x86_64 --hash-style=both -export-dynamic -dynamic-linker /lib64/ld-linux-x86-64.so.2 -o cmTryCompileExec -z relro /usr/lib/gcc/x86_64-linux-gnu/4.4.3/../../../../lib/crt1.o /usr/lib/gcc/x86_64-linux-gnu/4.4.3/../../../../lib/crti.o /usr/lib/gcc/x86_64-linux-gnu/4.4.3/crtbegin.o -L/usr/lib/gcc/x86_64-linux-gnu/4.4.3 -L/usr/lib/gcc/x86_64-linux-gnu/4.4.3 -L/usr/lib/gcc/x86_64-linux-gnu/4.4.3/../../../../lib -L/lib/../lib -L/usr/lib/../lib -L/usr/lib/gcc/x86_64-linux-gnu/4.4.3/../../.. -L/usr/lib/x86_64-linux-gnu CMakeFiles/cmTryCompileExec.dir/CMakeCCompilerABI.c.o -lgcc --as-needed -lgcc_s --no-as-needed -lc -lgcc --as-needed -lgcc_s --no-as-needed /usr/lib/gcc/x86_64-linux-gnu/4.4.3/crtend.o /usr/lib/gcc/x86_64-linux-gnu/4.4.3/../../../../lib/crtn.o]
    arg [/usr/lib/gcc/x86_64-linux-gnu/4.4.3/collect2] ==> ignore
    arg [--build-id] ==> ignore
    arg [--eh-frame-hdr] ==> ignore
    arg [-m] ==> ignore
    arg [elf_x86_64] ==> ignore
    arg [--hash-style=both] ==> ignore
    arg [-export-dynamic] ==> ignore
    arg [-dynamic-linker] ==> ignore
    arg [/lib64/ld-linux-x86-64.so.2] ==> ignore
    arg [-o] ==> ignore
    arg [cmTryCompileExec] ==> ignore
    arg [-zrelro] ==> ignore
    arg [/usr/lib/gcc/x86_64-linux-gnu/4.4.3/../../../../lib/crt1.o] ==> ignore
    arg [/usr/lib/gcc/x86_64-linux-gnu/4.4.3/../../../../lib/crti.o] ==> ignore
    arg [/usr/lib/gcc/x86_64-linux-gnu/4.4.3/crtbegin.o] ==> ignore
    arg [-L/usr/lib/gcc/x86_64-linux-gnu/4.4.3] ==> dir [/usr/lib/gcc/x86_64-linux-gnu/4.4.3]
    arg [-L/usr/lib/gcc/x86_64-linux-gnu/4.4.3] ==> dir [/usr/lib/gcc/x86_64-linux-gnu/4.4.3]
    arg [-L/usr/lib/gcc/x86_64-linux-gnu/4.4.3/../../../../lib] ==> dir [/usr/lib/gcc/x86_64-linux-gnu/4.4.3/../../../../lib]
    arg [-L/lib/../lib] ==> dir [/lib/../lib]
    arg [-L/usr/lib/../lib] ==> dir [/usr/lib/../lib]
    arg [-L/usr/lib/gcc/x86_64-linux-gnu/4.4.3/../../..] ==> dir [/usr/lib/gcc/x86_64-linux-gnu/4.4.3/../../..]
    arg [-L/usr/lib/x86_64-linux-gnu] ==> dir [/usr/lib/x86_64-linux-gnu]
    arg [CMakeFiles/cmTryCompileExec.dir/CMakeCCompilerABI.c.o] ==> ignore
    arg [-lgcc] ==> lib [gcc]
    arg [--as-needed] ==> ignore
    arg [-lgcc_s] ==> lib [gcc_s]
    arg [--no-as-needed] ==> ignore
    arg [-lc] ==> lib [c]
    arg [-lgcc] ==> lib [gcc]
    arg [--as-needed] ==> ignore
    arg [-lgcc_s] ==> lib [gcc_s]
    arg [--no-as-needed] ==> ignore
    arg [/usr/lib/gcc/x86_64-linux-gnu/4.4.3/crtend.o] ==> ignore
    arg [/usr/lib/gcc/x86_64-linux-gnu/4.4.3/../../../../lib/crtn.o] ==> ignore
  remove lib [gcc]
  remove lib [gcc_s]
  remove lib [gcc]
  remove lib [gcc_s]
  collapse dir [/usr/lib/gcc/x86_64-linux-gnu/4.4.3] ==> [/usr/lib/gcc/x86_64-linux-gnu/4.4.3]
  collapse dir [/usr/lib/gcc/x86_64-linux-gnu/4.4.3] ==> [/usr/lib/gcc/x86_64-linux-gnu/4.4.3]
  collapse dir [/usr/lib/gcc/x86_64-linux-gnu/4.4.3/../../../../lib] ==> [/usr/lib]
  collapse dir [/lib/../lib] ==> [/lib]
  collapse dir [/usr/lib/../lib] ==> [/usr/lib]
  collapse dir [/usr/lib/gcc/x86_64-linux-gnu/4.4.3/../../..] ==> [/usr/lib]
  collapse dir [/usr/lib/x86_64-linux-gnu] ==> [/usr/lib/x86_64-linux-gnu]
  implicit libs: [c]
  implicit dirs: [/usr/lib/gcc/x86_64-linux-gnu/4.4.3;/usr/lib;/lib;/usr/lib/x86_64-linux-gnu]


Determining if the CXX compiler works passed with the following output:
Change Dir: /wg/stor2a/mdixon/pcl/branches/pcl-1.1.x/build/CMakeFiles/CMakeTmp

Run Build Command:/usr/bin/make "cmTryCompileExec/fast"
/usr/bin/make -f CMakeFiles/cmTryCompileExec.dir/build.make CMakeFiles/cmTryCompileExec.dir/build
make[1]: Entering directory `/wg/stor2a/mdixon/pcl/branches/pcl-1.1.x/build/CMakeFiles/CMakeTmp'
/usr/local/bin/cmake -E cmake_progress_report /wg/stor2a/mdixon/pcl/branches/pcl-1.1.x/build/CMakeFiles/CMakeTmp/CMakeFiles 1
Building CXX object CMakeFiles/cmTryCompileExec.dir/testCXXCompiler.cxx.o
/u/mdixon/bin/c++     -o CMakeFiles/cmTryCompileExec.dir/testCXXCompiler.cxx.o -c /wg/stor2a/mdixon/pcl/branches/pcl-1.1.x/build/CMakeFiles/CMakeTmp/testCXXCompiler.cxx
Linking CXX executable cmTryCompileExec
/usr/local/bin/cmake -E cmake_link_script CMakeFiles/cmTryCompileExec.dir/link.txt --verbose=1
/u/mdixon/bin/c++         CMakeFiles/cmTryCompileExec.dir/testCXXCompiler.cxx.o  -o cmTryCompileExec -rdynamic 
make[1]: Leaving directory `/wg/stor2a/mdixon/pcl/branches/pcl-1.1.x/build/CMakeFiles/CMakeTmp'


Detecting CXX compiler ABI info compiled with the following output:
Change Dir: /wg/stor2a/mdixon/pcl/branches/pcl-1.1.x/build/CMakeFiles/CMakeTmp

Run Build Command:/usr/bin/make "cmTryCompileExec/fast"
/usr/bin/make -f CMakeFiles/cmTryCompileExec.dir/build.make CMakeFiles/cmTryCompileExec.dir/build
make[1]: Entering directory `/wg/stor2a/mdixon/pcl/branches/pcl-1.1.x/build/CMakeFiles/CMakeTmp'
/usr/local/bin/cmake -E cmake_progress_report /wg/stor2a/mdixon/pcl/branches/pcl-1.1.x/build/CMakeFiles/CMakeTmp/CMakeFiles 1
Building CXX object CMakeFiles/cmTryCompileExec.dir/CMakeCXXCompilerABI.cpp.o
/u/mdixon/bin/c++     -o CMakeFiles/cmTryCompileExec.dir/CMakeCXXCompilerABI.cpp.o -c /usr/local/share/cmake-2.8/Modules/CMakeCXXCompilerABI.cpp
Linking CXX executable cmTryCompileExec
/usr/local/bin/cmake -E cmake_link_script CMakeFiles/cmTryCompileExec.dir/link.txt --verbose=1
/u/mdixon/bin/c++        -v CMakeFiles/cmTryCompileExec.dir/CMakeCXXCompilerABI.cpp.o  -o cmTryCompileExec -rdynamic  
Using built-in specs.
Target: x86_64-linux-gnu
Configured with: ../src/configure -v --with-pkgversion='Ubuntu 4.4.3-4ubuntu5' --with-bugurl=file:///usr/share/doc/gcc-4.4/README.Bugs --enable-languages=c,c++,fortran,objc,obj-c++ --prefix=/usr --enable-shared --enable-multiarch --enable-linker-build-id --with-system-zlib --libexecdir=/usr/lib --without-included-gettext --enable-threads=posix --with-gxx-include-dir=/usr/include/c++/4.4 --program-suffix=-4.4 --enable-nls --enable-clocale=gnu --enable-libstdcxx-debug --enable-plugin --enable-objc-gc --disable-werror --with-arch-32=i486 --with-tune=generic --enable-checking=release --build=x86_64-linux-gnu --host=x86_64-linux-gnu --target=x86_64-linux-gnu
Thread model: posix
gcc version 4.4.3 (Ubuntu 4.4.3-4ubuntu5) 
COMPILER_PATH=/usr/lib/gcc/x86_64-linux-gnu/4.4.3/:/usr/lib/gcc/x86_64-linux-gnu/4.4.3/:/usr/lib/gcc/x86_64-linux-gnu/:/usr/lib/gcc/x86_64-linux-gnu/4.4.3/:/usr/lib/gcc/x86_64-linux-gnu/:/usr/lib/gcc/x86_64-linux-gnu/4.4.3/:/usr/lib/gcc/x86_64-linux-gnu/
LIBRARY_PATH=/usr/lib/gcc/x86_64-linux-gnu/4.4.3/:/usr/lib/gcc/x86_64-linux-gnu/4.4.3/:/usr/lib/gcc/x86_64-linux-gnu/4.4.3/../../../../lib/:/lib/../lib/:/usr/lib/../lib/:/usr/lib/gcc/x86_64-linux-gnu/4.4.3/../../../:/lib/:/usr/lib/:/usr/lib/x86_64-linux-gnu/
COLLECT_GCC_OPTIONS='-v' '-o' 'cmTryCompileExec' '-rdynamic' '-shared-libgcc' '-mtune=generic'
 /usr/lib/gcc/x86_64-linux-gnu/4.4.3/collect2 --build-id --eh-frame-hdr -m elf_x86_64 --hash-style=both -export-dynamic -dynamic-linker /lib64/ld-linux-x86-64.so.2 -o cmTryCompileExec -z relro /usr/lib/gcc/x86_64-linux-gnu/4.4.3/../../../../lib/crt1.o /usr/lib/gcc/x86_64-linux-gnu/4.4.3/../../../../lib/crti.o /usr/lib/gcc/x86_64-linux-gnu/4.4.3/crtbegin.o -L/usr/lib/gcc/x86_64-linux-gnu/4.4.3 -L/usr/lib/gcc/x86_64-linux-gnu/4.4.3 -L/usr/lib/gcc/x86_64-linux-gnu/4.4.3/../../../../lib -L/lib/../lib -L/usr/lib/../lib -L/usr/lib/gcc/x86_64-linux-gnu/4.4.3/../../.. -L/usr/lib/x86_64-linux-gnu CMakeFiles/cmTryCompileExec.dir/CMakeCXXCompilerABI.cpp.o -lstdc++ -lm -lgcc_s -lgcc -lc -lgcc_s -lgcc /usr/lib/gcc/x86_64-linux-gnu/4.4.3/crtend.o /usr/lib/gcc/x86_64-linux-gnu/4.4.3/../../../../lib/crtn.o
make[1]: Leaving directory `/wg/stor2a/mdixon/pcl/branches/pcl-1.1.x/build/CMakeFiles/CMakeTmp'


Parsed CXX implicit link information from above output:
  link line regex: [^( *|.*[/\])(ld|ld|collect2)[^/\]*( |$)]
  ignore line: [Change Dir: /wg/stor2a/mdixon/pcl/branches/pcl-1.1.x/build/CMakeFiles/CMakeTmp]
  ignore line: []
  ignore line: [Run Build Command:/usr/bin/make "cmTryCompileExec/fast"]
  ignore line: [/usr/bin/make -f CMakeFiles/cmTryCompileExec.dir/build.make CMakeFiles/cmTryCompileExec.dir/build]
  ignore line: [make[1]: Entering directory `/wg/stor2a/mdixon/pcl/branches/pcl-1.1.x/build/CMakeFiles/CMakeTmp']
  ignore line: [/usr/local/bin/cmake -E cmake_progress_report /wg/stor2a/mdixon/pcl/branches/pcl-1.1.x/build/CMakeFiles/CMakeTmp/CMakeFiles 1]
  ignore line: [Building CXX object CMakeFiles/cmTryCompileExec.dir/CMakeCXXCompilerABI.cpp.o]
  ignore line: [/u/mdixon/bin/c++     -o CMakeFiles/cmTryCompileExec.dir/CMakeCXXCompilerABI.cpp.o -c /usr/local/share/cmake-2.8/Modules/CMakeCXXCompilerABI.cpp]
  ignore line: [Linking CXX executable cmTryCompileExec]
  ignore line: [/usr/local/bin/cmake -E cmake_link_script CMakeFiles/cmTryCompileExec.dir/link.txt --verbose=1]
  ignore line: [/u/mdixon/bin/c++        -v CMakeFiles/cmTryCompileExec.dir/CMakeCXXCompilerABI.cpp.o  -o cmTryCompileExec -rdynamic  ]
  ignore line: [Using built-in specs.]
  ignore line: [Target: x86_64-linux-gnu]
  ignore line: [Configured with: ../src/configure -v --with-pkgversion='Ubuntu 4.4.3-4ubuntu5' --with-bugurl=file:///usr/share/doc/gcc-4.4/README.Bugs --enable-languages=c,c++,fortran,objc,obj-c++ --prefix=/usr --enable-shared --enable-multiarch --enable-linker-build-id --with-system-zlib --libexecdir=/usr/lib --without-included-gettext --enable-threads=posix --with-gxx-include-dir=/usr/include/c++/4.4 --program-suffix=-4.4 --enable-nls --enable-clocale=gnu --enable-libstdcxx-debug --enable-plugin --enable-objc-gc --disable-werror --with-arch-32=i486 --with-tune=generic --enable-checking=release --build=x86_64-linux-gnu --host=x86_64-linux-gnu --target=x86_64-linux-gnu]
  ignore line: [Thread model: posix]
  ignore line: [gcc version 4.4.3 (Ubuntu 4.4.3-4ubuntu5) ]
  ignore line: [COMPILER_PATH=/usr/lib/gcc/x86_64-linux-gnu/4.4.3/:/usr/lib/gcc/x86_64-linux-gnu/4.4.3/:/usr/lib/gcc/x86_64-linux-gnu/:/usr/lib/gcc/x86_64-linux-gnu/4.4.3/:/usr/lib/gcc/x86_64-linux-gnu/:/usr/lib/gcc/x86_64-linux-gnu/4.4.3/:/usr/lib/gcc/x86_64-linux-gnu/]
  ignore line: [LIBRARY_PATH=/usr/lib/gcc/x86_64-linux-gnu/4.4.3/:/usr/lib/gcc/x86_64-linux-gnu/4.4.3/:/usr/lib/gcc/x86_64-linux-gnu/4.4.3/../../../../lib/:/lib/../lib/:/usr/lib/../lib/:/usr/lib/gcc/x86_64-linux-gnu/4.4.3/../../../:/lib/:/usr/lib/:/usr/lib/x86_64-linux-gnu/]
  ignore line: [COLLECT_GCC_OPTIONS='-v' '-o' 'cmTryCompileExec' '-rdynamic' '-shared-libgcc' '-mtune=generic']
  link line: [ /usr/lib/gcc/x86_64-linux-gnu/4.4.3/collect2 --build-id --eh-frame-hdr -m elf_x86_64 --hash-style=both -export-dynamic -dynamic-linker /lib64/ld-linux-x86-64.so.2 -o cmTryCompileExec -z relro /usr/lib/gcc/x86_64-linux-gnu/4.4.3/../../../../lib/crt1.o /usr/lib/gcc/x86_64-linux-gnu/4.4.3/../../../../lib/crti.o /usr/lib/gcc/x86_64-linux-gnu/4.4.3/crtbegin.o -L/usr/lib/gcc/x86_64-linux-gnu/4.4.3 -L/usr/lib/gcc/x86_64-linux-gnu/4.4.3 -L/usr/lib/gcc/x86_64-linux-gnu/4.4.3/../../../../lib -L/lib/../lib -L/usr/lib/../lib -L/usr/lib/gcc/x86_64-linux-gnu/4.4.3/../../.. -L/usr/lib/x86_64-linux-gnu CMakeFiles/cmTryCompileExec.dir/CMakeCXXCompilerABI.cpp.o -lstdc++ -lm -lgcc_s -lgcc -lc -lgcc_s -lgcc /usr/lib/gcc/x86_64-linux-gnu/4.4.3/crtend.o /usr/lib/gcc/x86_64-linux-gnu/4.4.3/../../../../lib/crtn.o]
    arg [/usr/lib/gcc/x86_64-linux-gnu/4.4.3/collect2] ==> ignore
    arg [--build-id] ==> ignore
    arg [--eh-frame-hdr] ==> ignore
    arg [-m] ==> ignore
    arg [elf_x86_64] ==> ignore
    arg [--hash-style=both] ==> ignore
    arg [-export-dynamic] ==> ignore
    arg [-dynamic-linker] ==> ignore
    arg [/lib64/ld-linux-x86-64.so.2] ==> ignore
    arg [-o] ==> ignore
    arg [cmTryCompileExec] ==> ignore
    arg [-zrelro] ==> ignore
    arg [/usr/lib/gcc/x86_64-linux-gnu/4.4.3/../../../../lib/crt1.o] ==> ignore
    arg [/usr/lib/gcc/x86_64-linux-gnu/4.4.3/../../../../lib/crti.o] ==> ignore
    arg [/usr/lib/gcc/x86_64-linux-gnu/4.4.3/crtbegin.o] ==> ignore
    arg [-L/usr/lib/gcc/x86_64-linux-gnu/4.4.3] ==> dir [/usr/lib/gcc/x86_64-linux-gnu/4.4.3]
    arg [-L/usr/lib/gcc/x86_64-linux-gnu/4.4.3] ==> dir [/usr/lib/gcc/x86_64-linux-gnu/4.4.3]
    arg [-L/usr/lib/gcc/x86_64-linux-gnu/4.4.3/../../../../lib] ==> dir [/usr/lib/gcc/x86_64-linux-gnu/4.4.3/../../../../lib]
    arg [-L/lib/../lib] ==> dir [/lib/../lib]
    arg [-L/usr/lib/../lib] ==> dir [/usr/lib/../lib]
    arg [-L/usr/lib/gcc/x86_64-linux-gnu/4.4.3/../../..] ==> dir [/usr/lib/gcc/x86_64-linux-gnu/4.4.3/../../..]
    arg [-L/usr/lib/x86_64-linux-gnu] ==> dir [/usr/lib/x86_64-linux-gnu]
    arg [CMakeFiles/cmTryCompileExec.dir/CMakeCXXCompilerABI.cpp.o] ==> ignore
    arg [-lstdc++] ==> lib [stdc++]
    arg [-lm] ==> lib [m]
    arg [-lgcc_s] ==> lib [gcc_s]
    arg [-lgcc] ==> lib [gcc]
    arg [-lc] ==> lib [c]
    arg [-lgcc_s] ==> lib [gcc_s]
    arg [-lgcc] ==> lib [gcc]
    arg [/usr/lib/gcc/x86_64-linux-gnu/4.4.3/crtend.o] ==> ignore
    arg [/usr/lib/gcc/x86_64-linux-gnu/4.4.3/../../../../lib/crtn.o] ==> ignore
  remove lib [gcc_s]
  remove lib [gcc]
  remove lib [gcc_s]
  remove lib [gcc]
  collapse dir [/usr/lib/gcc/x86_64-linux-gnu/4.4.3] ==> [/usr/lib/gcc/x86_64-linux-gnu/4.4.3]
  collapse dir [/usr/lib/gcc/x86_64-linux-gnu/4.4.3] ==> [/usr/lib/gcc/x86_64-linux-gnu/4.4.3]
  collapse dir [/usr/lib/gcc/x86_64-linux-gnu/4.4.3/../../../../lib] ==> [/usr/lib]
  collapse dir [/lib/../lib] ==> [/lib]
  collapse dir [/usr/lib/../lib] ==> [/usr/lib]
  collapse dir [/usr/lib/gcc/x86_64-linux-gnu/4.4.3/../../..] ==> [/usr/lib]
  collapse dir [/usr/lib/x86_64-linux-gnu] ==> [/usr/lib/x86_64-linux-gnu]
  implicit libs: [stdc++;m;c]
  implicit dirs: [/usr/lib/gcc/x86_64-linux-gnu/4.4.3;/usr/lib;/lib;/usr/lib/x86_64-linux-gnu]


Performing C++ SOURCE FILE Test HAVE_SSE3_EXTENSIONS succeded with the following output:
Change Dir: /wg/stor2a/mdixon/pcl/branches/pcl-1.1.x/build/CMakeFiles/CMakeTmp

Run Build Command:/usr/bin/make "cmTryCompileExec/fast"
/usr/bin/make -f CMakeFiles/cmTryCompileExec.dir/build.make CMakeFiles/cmTryCompileExec.dir/build
make[1]: Entering directory `/wg/stor2a/mdixon/pcl/branches/pcl-1.1.x/build/CMakeFiles/CMakeTmp'
/usr/local/bin/cmake -E cmake_progress_report /wg/stor2a/mdixon/pcl/branches/pcl-1.1.x/build/CMakeFiles/CMakeTmp/CMakeFiles 1
Building CXX object CMakeFiles/cmTryCompileExec.dir/src.cxx.o
/u/mdixon/bin/c++    -DHAVE_SSE3_EXTENSIONS -msse3   -o CMakeFiles/cmTryCompileExec.dir/src.cxx.o -c /wg/stor2a/mdixon/pcl/branches/pcl-1.1.x/build/CMakeFiles/CMakeTmp/src.cxx
Linking CXX executable cmTryCompileExec
/usr/local/bin/cmake -E cmake_link_script CMakeFiles/cmTryCompileExec.dir/link.txt --verbose=1
/u/mdixon/bin/c++      -DHAVE_SSE3_EXTENSIONS -msse3   CMakeFiles/cmTryCompileExec.dir/src.cxx.o  -o cmTryCompileExec -rdynamic 
make[1]: Leaving directory `/wg/stor2a/mdixon/pcl/branches/pcl-1.1.x/build/CMakeFiles/CMakeTmp'

Return value: 1
Source file was:

            #include <pmmintrin.h>

            int main()
            {
                __m128d a, b;
                double vals[2] = {0};
                a = _mm_loadu_pd(vals);
                b = _mm_hadd_pd(a,a);
                _mm_storeu_pd(vals, b);
                return 0;
            }
Performing C++ SOURCE FILE Test HAVE_SSE2_EXTENSIONS succeded with the following output:
Change Dir: /wg/stor2a/mdixon/pcl/branches/pcl-1.1.x/build/CMakeFiles/CMakeTmp

Run Build Command:/usr/bin/make "cmTryCompileExec/fast"
/usr/bin/make -f CMakeFiles/cmTryCompileExec.dir/build.make CMakeFiles/cmTryCompileExec.dir/build
make[1]: Entering directory `/wg/stor2a/mdixon/pcl/branches/pcl-1.1.x/build/CMakeFiles/CMakeTmp'
/usr/local/bin/cmake -E cmake_progress_report /wg/stor2a/mdixon/pcl/branches/pcl-1.1.x/build/CMakeFiles/CMakeTmp/CMakeFiles 1
Building CXX object CMakeFiles/cmTryCompileExec.dir/src.cxx.o
/u/mdixon/bin/c++    -DHAVE_SSE2_EXTENSIONS -msse2   -o CMakeFiles/cmTryCompileExec.dir/src.cxx.o -c /wg/stor2a/mdixon/pcl/branches/pcl-1.1.x/build/CMakeFiles/CMakeTmp/src.cxx
Linking CXX executable cmTryCompileExec
/usr/local/bin/cmake -E cmake_link_script CMakeFiles/cmTryCompileExec.dir/link.txt --verbose=1
/u/mdixon/bin/c++      -DHAVE_SSE2_EXTENSIONS -msse2   CMakeFiles/cmTryCompileExec.dir/src.cxx.o  -o cmTryCompileExec -rdynamic 
make[1]: Leaving directory `/wg/stor2a/mdixon/pcl/branches/pcl-1.1.x/build/CMakeFiles/CMakeTmp'

Return value: 1
Source file was:

            #include <emmintrin.h>

            int main()
            {
                __m128d a, b;
                double vals[2] = {0};
                a = _mm_loadu_pd(vals);
                b = _mm_add_pd(a,a);
                _mm_storeu_pd(vals,b);
                return 0;
            }
Performing C++ SOURCE FILE Test HAVE_SSE_EXTENSIONS succeded with the following output:
Change Dir: /wg/stor2a/mdixon/pcl/branches/pcl-1.1.x/build/CMakeFiles/CMakeTmp

Run Build Command:/usr/bin/make "cmTryCompileExec/fast"
/usr/bin/make -f CMakeFiles/cmTryCompileExec.dir/build.make CMakeFiles/cmTryCompileExec.dir/build
make[1]: Entering directory `/wg/stor2a/mdixon/pcl/branches/pcl-1.1.x/build/CMakeFiles/CMakeTmp'
/usr/local/bin/cmake -E cmake_progress_report /wg/stor2a/mdixon/pcl/branches/pcl-1.1.x/build/CMakeFiles/CMakeTmp/CMakeFiles 1
Building CXX object CMakeFiles/cmTryCompileExec.dir/src.cxx.o
/u/mdixon/bin/c++    -DHAVE_SSE_EXTENSIONS -msse   -o CMakeFiles/cmTryCompileExec.dir/src.cxx.o -c /wg/stor2a/mdixon/pcl/branches/pcl-1.1.x/build/CMakeFiles/CMakeTmp/src.cxx
Linking CXX executable cmTryCompileExec
/usr/local/bin/cmake -E cmake_link_script CMakeFiles/cmTryCompileExec.dir/link.txt --verbose=1
/u/mdixon/bin/c++      -DHAVE_SSE_EXTENSIONS -msse   CMakeFiles/cmTryCompileExec.dir/src.cxx.o  -o cmTryCompileExec -rdynamic 
make[1]: Leaving directory `/wg/stor2a/mdixon/pcl/branches/pcl-1.1.x/build/CMakeFiles/CMakeTmp'

Return value: 1
Source file was:

            #include <xmmintrin.h>
            int main()
            {
                __m128 a, b;
                float vals[4] = {0};
                a = _mm_loadu_ps(vals);
                b = a;
                b = _mm_add_ps(a,b);
                _mm_storeu_ps(vals,b);
                return 0;
            }
Performing C SOURCE FILE Test OpenMP_FLAG_DETECTED succeded with the following output:
Change Dir: /wg/stor2a/mdixon/pcl/branches/pcl-1.1.x/build/CMakeFiles/CMakeTmp

Run Build Command:/usr/bin/make "cmTryCompileExec/fast"
/usr/bin/make -f CMakeFiles/cmTryCompileExec.dir/build.make CMakeFiles/cmTryCompileExec.dir/build
make[1]: Entering directory `/wg/stor2a/mdixon/pcl/branches/pcl-1.1.x/build/CMakeFiles/CMakeTmp'
/usr/local/bin/cmake -E cmake_progress_report /wg/stor2a/mdixon/pcl/branches/pcl-1.1.x/build/CMakeFiles/CMakeTmp/CMakeFiles 1
Building C object CMakeFiles/cmTryCompileExec.dir/src.c.o
/u/mdixon/bin/gcc   -DOpenMP_FLAG_DETECTED -fopenmp   -o CMakeFiles/cmTryCompileExec.dir/src.c.o   -c /wg/stor2a/mdixon/pcl/branches/pcl-1.1.x/build/CMakeFiles/CMakeTmp/src.c
Linking C executable cmTryCompileExec
/usr/local/bin/cmake -E cmake_link_script CMakeFiles/cmTryCompileExec.dir/link.txt --verbose=1
/u/mdixon/bin/gcc     -DOpenMP_FLAG_DETECTED -fopenmp   CMakeFiles/cmTryCompileExec.dir/src.c.o  -o cmTryCompileExec -rdynamic 
make[1]: Leaving directory `/wg/stor2a/mdixon/pcl/branches/pcl-1.1.x/build/CMakeFiles/CMakeTmp'

Source file was:

#include <omp.h>
int main() { 
#ifdef _OPENMP
  return 0; 
#else
  breaks_on_purpose
#endif
}

Performing C++ SOURCE FILE Test OpenMP_FLAG_DETECTED succeded with the following output:
Change Dir: /wg/stor2a/mdixon/pcl/branches/pcl-1.1.x/build/CMakeFiles/CMakeTmp

Run Build Command:/usr/bin/make "cmTryCompileExec/fast"
/usr/bin/make -f CMakeFiles/cmTryCompileExec.dir/build.make CMakeFiles/cmTryCompileExec.dir/build
make[1]: Entering directory `/wg/stor2a/mdixon/pcl/branches/pcl-1.1.x/build/CMakeFiles/CMakeTmp'
/usr/local/bin/cmake -E cmake_progress_report /wg/stor2a/mdixon/pcl/branches/pcl-1.1.x/build/CMakeFiles/CMakeTmp/CMakeFiles 1
Building CXX object CMakeFiles/cmTryCompileExec.dir/src.cxx.o
/u/mdixon/bin/c++    -DOpenMP_FLAG_DETECTED -fopenmp   -o CMakeFiles/cmTryCompileExec.dir/src.cxx.o -c /wg/stor2a/mdixon/pcl/branches/pcl-1.1.x/build/CMakeFiles/CMakeTmp/src.cxx
Linking CXX executable cmTryCompileExec
/usr/local/bin/cmake -E cmake_link_script CMakeFiles/cmTryCompileExec.dir/link.txt --verbose=1
/u/mdixon/bin/c++      -DOpenMP_FLAG_DETECTED -fopenmp   CMakeFiles/cmTryCompileExec.dir/src.cxx.o  -o cmTryCompileExec -rdynamic 
make[1]: Leaving directory `/wg/stor2a/mdixon/pcl/branches/pcl-1.1.x/build/CMakeFiles/CMakeTmp'

Source file was:

#include <omp.h>
int main() { 
#ifdef _OPENMP
  return 0; 
#else
  breaks_on_purpose
#endif
}

