The system is: Linux - 2.6.38-8-generic - x86_64
Compiling the C compiler identification source file "CMakeCCompilerId.c" succeeded.
Compiler: /usr/bin/gcc 
Build flags: 
Id flags: 

The output was:
0


Compilation of the C compiler identification source "CMakeCCompilerId.c" produced "a.out"

The C compiler identification is GNU, found in "/home/goleary/pcl/trunk/doc/tutorials/content/sources/remove_outliers/build/CMakeFiles/CompilerIdC/a.out"

Compiling the CXX compiler identification source file "CMakeCXXCompilerId.cpp" succeeded.
Compiler: /usr/bin/c++ 
Build flags: 
Id flags: 

The output was:
0
CMakeCXXCompilerId.cpp:79:58: warning: deprecated conversion from string constant to ‘char*’
CMakeCXXCompilerId.cpp:192:58: warning: deprecated conversion from string constant to ‘char*’
CMakeCXXCompilerId.cpp:193:54: warning: deprecated conversion from string constant to ‘char*’


Compilation of the CXX compiler identification source "CMakeCXXCompilerId.cpp" produced "a.out"

The CXX compiler identification is GNU, found in "/home/goleary/pcl/trunk/doc/tutorials/content/sources/remove_outliers/build/CMakeFiles/CompilerIdCXX/a.out"

Determining if the C compiler works passed with the following output:
Change Dir: /home/goleary/pcl/trunk/doc/tutorials/content/sources/remove_outliers/build/CMakeFiles/CMakeTmp

Run Build Command:/usr/bin/make "cmTryCompileExec/fast"
/usr/bin/make -f CMakeFiles/cmTryCompileExec.dir/build.make CMakeFiles/cmTryCompileExec.dir/build
make[1]: Entering directory `/home/goleary/pcl/trunk/doc/tutorials/content/sources/remove_outliers/build/CMakeFiles/CMakeTmp'
/usr/bin/cmake -E cmake_progress_report /home/goleary/pcl/trunk/doc/tutorials/content/sources/remove_outliers/build/CMakeFiles/CMakeTmp/CMakeFiles 1
Building C object CMakeFiles/cmTryCompileExec.dir/testCCompiler.c.o
/usr/bin/gcc    -o CMakeFiles/cmTryCompileExec.dir/testCCompiler.c.o   -c /home/goleary/pcl/trunk/doc/tutorials/content/sources/remove_outliers/build/CMakeFiles/CMakeTmp/testCCompiler.c
Linking C executable cmTryCompileExec
/usr/bin/cmake -E cmake_link_script CMakeFiles/cmTryCompileExec.dir/link.txt --verbose=1
/usr/bin/gcc        CMakeFiles/cmTryCompileExec.dir/testCCompiler.c.o  -o cmTryCompileExec -rdynamic 
make[1]: Leaving directory `/home/goleary/pcl/trunk/doc/tutorials/content/sources/remove_outliers/build/CMakeFiles/CMakeTmp'


Detecting C compiler ABI info compiled with the following output:
Change Dir: /home/goleary/pcl/trunk/doc/tutorials/content/sources/remove_outliers/build/CMakeFiles/CMakeTmp

Run Build Command:/usr/bin/make "cmTryCompileExec/fast"
/usr/bin/make -f CMakeFiles/cmTryCompileExec.dir/build.make CMakeFiles/cmTryCompileExec.dir/build
make[1]: Entering directory `/home/goleary/pcl/trunk/doc/tutorials/content/sources/remove_outliers/build/CMakeFiles/CMakeTmp'
/usr/bin/cmake -E cmake_progress_report /home/goleary/pcl/trunk/doc/tutorials/content/sources/remove_outliers/build/CMakeFiles/CMakeTmp/CMakeFiles 1
Building C object CMakeFiles/cmTryCompileExec.dir/CMakeCCompilerABI.c.o
/usr/bin/gcc    -o CMakeFiles/cmTryCompileExec.dir/CMakeCCompilerABI.c.o   -c /usr/share/cmake-2.8/Modules/CMakeCCompilerABI.c
Linking C executable cmTryCompileExec
/usr/bin/cmake -E cmake_link_script CMakeFiles/cmTryCompileExec.dir/link.txt --verbose=1
/usr/bin/gcc       -v CMakeFiles/cmTryCompileExec.dir/CMakeCCompilerABI.c.o  -o cmTryCompileExec -rdynamic  
Using built-in specs.
COLLECT_GCC=/usr/bin/gcc
COLLECT_LTO_WRAPPER=/usr/lib/x86_64-linux-gnu/gcc/x86_64-linux-gnu/4.5.2/lto-wrapper
Target: x86_64-linux-gnu
Configured with: ../src/configure -v --with-pkgversion='Ubuntu/Linaro 4.5.2-8ubuntu4' --with-bugurl=file:///usr/share/doc/gcc-4.5/README.Bugs --enable-languages=c,c++,fortran,objc,obj-c++ --prefix=/usr --program-suffix=-4.5 --enable-shared --enable-multiarch --with-multiarch-defaults=x86_64-linux-gnu --enable-linker-build-id --with-system-zlib --libexecdir=/usr/lib/x86_64-linux-gnu --without-included-gettext --enable-threads=posix --with-gxx-include-dir=/usr/include/c++/4.5 --libdir=/usr/lib/x86_64-linux-gnu --enable-nls --with-sysroot=/ --enable-clocale=gnu --enable-libstdcxx-debug --enable-libstdcxx-time=yes --enable-plugin --enable-gold --enable-ld=default --with-plugin-ld=ld.gold --enable-objc-gc --disable-werror --with-arch-32=i686 --with-tune=generic --enable-checking=release --build=x86_64-linux-gnu --host=x86_64-linux-gnu --target=x86_64-linux-gnu
Thread model: posix
gcc version 4.5.2 (Ubuntu/Linaro 4.5.2-8ubuntu4) 
COMPILER_PATH=/usr/lib/x86_64-linux-gnu/gcc/x86_64-linux-gnu/4.5.2/:/usr/lib/x86_64-linux-gnu/gcc/x86_64-linux-gnu/4.5.2/:/usr/lib/x86_64-linux-gnu/gcc/x86_64-linux-gnu/:/usr/lib/x86_64-linux-gnu/gcc/x86_64-linux-gnu/4.5.2/:/usr/lib/x86_64-linux-gnu/gcc/x86_64-linux-gnu/
LIBRARY_PATH=/usr/lib/x86_64-linux-gnu/gcc/x86_64-linux-gnu/4.5.2/:/usr/lib/x86_64-linux-gnu/gcc/x86_64-linux-gnu/4.5.2/../../../:/lib/:/usr/lib/:/usr/lib/x86_64-linux-gnu/
COLLECT_GCC_OPTIONS='-v' '-o' 'cmTryCompileExec' '-rdynamic' '-mtune=generic' '-march=x86-64'
 /usr/lib/x86_64-linux-gnu/gcc/x86_64-linux-gnu/4.5.2/collect2 --build-id --eh-frame-hdr -m elf_x86_64 --hash-style=gnu -export-dynamic -dynamic-linker /lib64/ld-linux-x86-64.so.2 -z relro -o cmTryCompileExec /usr/lib/x86_64-linux-gnu/gcc/x86_64-linux-gnu/4.5.2/../../../crt1.o /usr/lib/x86_64-linux-gnu/gcc/x86_64-linux-gnu/4.5.2/../../../crti.o /usr/lib/x86_64-linux-gnu/gcc/x86_64-linux-gnu/4.5.2/crtbegin.o -L/usr/lib/x86_64-linux-gnu/gcc/x86_64-linux-gnu/4.5.2 -L/usr/lib/x86_64-linux-gnu/gcc/x86_64-linux-gnu/4.5.2/../../.. -L/usr/lib/x86_64-linux-gnu CMakeFiles/cmTryCompileExec.dir/CMakeCCompilerABI.c.o -lgcc --as-needed -lgcc_s --no-as-needed -lc -lgcc --as-needed -lgcc_s --no-as-needed /usr/lib/x86_64-linux-gnu/gcc/x86_64-linux-gnu/4.5.2/crtend.o /usr/lib/x86_64-linux-gnu/gcc/x86_64-linux-gnu/4.5.2/../../../crtn.o
make[1]: Leaving directory `/home/goleary/pcl/trunk/doc/tutorials/content/sources/remove_outliers/build/CMakeFiles/CMakeTmp'


Parsed C implicit link information from above output:
  link line regex: [^( *|.*[/\])(ld|ld|collect2)[^/\]*( |$)]
  ignore line: [Change Dir: /home/goleary/pcl/trunk/doc/tutorials/content/sources/remove_outliers/build/CMakeFiles/CMakeTmp]
  ignore line: []
  ignore line: [Run Build Command:/usr/bin/make "cmTryCompileExec/fast"]
  ignore line: [/usr/bin/make -f CMakeFiles/cmTryCompileExec.dir/build.make CMakeFiles/cmTryCompileExec.dir/build]
  ignore line: [make[1]: Entering directory `/home/goleary/pcl/trunk/doc/tutorials/content/sources/remove_outliers/build/CMakeFiles/CMakeTmp']
  ignore line: [/usr/bin/cmake -E cmake_progress_report /home/goleary/pcl/trunk/doc/tutorials/content/sources/remove_outliers/build/CMakeFiles/CMakeTmp/CMakeFiles 1]
  ignore line: [Building C object CMakeFiles/cmTryCompileExec.dir/CMakeCCompilerABI.c.o]
  ignore line: [/usr/bin/gcc    -o CMakeFiles/cmTryCompileExec.dir/CMakeCCompilerABI.c.o   -c /usr/share/cmake-2.8/Modules/CMakeCCompilerABI.c]
  ignore line: [Linking C executable cmTryCompileExec]
  ignore line: [/usr/bin/cmake -E cmake_link_script CMakeFiles/cmTryCompileExec.dir/link.txt --verbose=1]
  ignore line: [/usr/bin/gcc       -v CMakeFiles/cmTryCompileExec.dir/CMakeCCompilerABI.c.o  -o cmTryCompileExec -rdynamic  ]
  ignore line: [Using built-in specs.]
  ignore line: [COLLECT_GCC=/usr/bin/gcc]
  ignore line: [COLLECT_LTO_WRAPPER=/usr/lib/x86_64-linux-gnu/gcc/x86_64-linux-gnu/4.5.2/lto-wrapper]
  ignore line: [Target: x86_64-linux-gnu]
  ignore line: [Configured with: ../src/configure -v --with-pkgversion='Ubuntu/Linaro 4.5.2-8ubuntu4' --with-bugurl=file:///usr/share/doc/gcc-4.5/README.Bugs --enable-languages=c,c++,fortran,objc,obj-c++ --prefix=/usr --program-suffix=-4.5 --enable-shared --enable-multiarch --with-multiarch-defaults=x86_64-linux-gnu --enable-linker-build-id --with-system-zlib --libexecdir=/usr/lib/x86_64-linux-gnu --without-included-gettext --enable-threads=posix --with-gxx-include-dir=/usr/include/c++/4.5 --libdir=/usr/lib/x86_64-linux-gnu --enable-nls --with-sysroot=/ --enable-clocale=gnu --enable-libstdcxx-debug --enable-libstdcxx-time=yes --enable-plugin --enable-gold --enable-ld=default --with-plugin-ld=ld.gold --enable-objc-gc --disable-werror --with-arch-32=i686 --with-tune=generic --enable-checking=release --build=x86_64-linux-gnu --host=x86_64-linux-gnu --target=x86_64-linux-gnu]
  ignore line: [Thread model: posix]
  ignore line: [gcc version 4.5.2 (Ubuntu/Linaro 4.5.2-8ubuntu4) ]
  ignore line: [COMPILER_PATH=/usr/lib/x86_64-linux-gnu/gcc/x86_64-linux-gnu/4.5.2/:/usr/lib/x86_64-linux-gnu/gcc/x86_64-linux-gnu/4.5.2/:/usr/lib/x86_64-linux-gnu/gcc/x86_64-linux-gnu/:/usr/lib/x86_64-linux-gnu/gcc/x86_64-linux-gnu/4.5.2/:/usr/lib/x86_64-linux-gnu/gcc/x86_64-linux-gnu/]
  ignore line: [LIBRARY_PATH=/usr/lib/x86_64-linux-gnu/gcc/x86_64-linux-gnu/4.5.2/:/usr/lib/x86_64-linux-gnu/gcc/x86_64-linux-gnu/4.5.2/../../../:/lib/:/usr/lib/:/usr/lib/x86_64-linux-gnu/]
  ignore line: [COLLECT_GCC_OPTIONS='-v' '-o' 'cmTryCompileExec' '-rdynamic' '-mtune=generic' '-march=x86-64']
  link line: [ /usr/lib/x86_64-linux-gnu/gcc/x86_64-linux-gnu/4.5.2/collect2 --build-id --eh-frame-hdr -m elf_x86_64 --hash-style=gnu -export-dynamic -dynamic-linker /lib64/ld-linux-x86-64.so.2 -z relro -o cmTryCompileExec /usr/lib/x86_64-linux-gnu/gcc/x86_64-linux-gnu/4.5.2/../../../crt1.o /usr/lib/x86_64-linux-gnu/gcc/x86_64-linux-gnu/4.5.2/../../../crti.o /usr/lib/x86_64-linux-gnu/gcc/x86_64-linux-gnu/4.5.2/crtbegin.o -L/usr/lib/x86_64-linux-gnu/gcc/x86_64-linux-gnu/4.5.2 -L/usr/lib/x86_64-linux-gnu/gcc/x86_64-linux-gnu/4.5.2/../../.. -L/usr/lib/x86_64-linux-gnu CMakeFiles/cmTryCompileExec.dir/CMakeCCompilerABI.c.o -lgcc --as-needed -lgcc_s --no-as-needed -lc -lgcc --as-needed -lgcc_s --no-as-needed /usr/lib/x86_64-linux-gnu/gcc/x86_64-linux-gnu/4.5.2/crtend.o /usr/lib/x86_64-linux-gnu/gcc/x86_64-linux-gnu/4.5.2/../../../crtn.o]
    arg [/usr/lib/x86_64-linux-gnu/gcc/x86_64-linux-gnu/4.5.2/collect2] ==> ignore
    arg [--build-id] ==> ignore
    arg [--eh-frame-hdr] ==> ignore
    arg [-m] ==> ignore
    arg [elf_x86_64] ==> ignore
    arg [--hash-style=gnu] ==> ignore
    arg [-export-dynamic] ==> ignore
    arg [-dynamic-linker] ==> ignore
    arg [/lib64/ld-linux-x86-64.so.2] ==> ignore
    arg [-zrelro] ==> ignore
    arg [-o] ==> ignore
    arg [cmTryCompileExec] ==> ignore
    arg [/usr/lib/x86_64-linux-gnu/gcc/x86_64-linux-gnu/4.5.2/../../../crt1.o] ==> ignore
    arg [/usr/lib/x86_64-linux-gnu/gcc/x86_64-linux-gnu/4.5.2/../../../crti.o] ==> ignore
    arg [/usr/lib/x86_64-linux-gnu/gcc/x86_64-linux-gnu/4.5.2/crtbegin.o] ==> ignore
    arg [-L/usr/lib/x86_64-linux-gnu/gcc/x86_64-linux-gnu/4.5.2] ==> dir [/usr/lib/x86_64-linux-gnu/gcc/x86_64-linux-gnu/4.5.2]
    arg [-L/usr/lib/x86_64-linux-gnu/gcc/x86_64-linux-gnu/4.5.2/../../..] ==> dir [/usr/lib/x86_64-linux-gnu/gcc/x86_64-linux-gnu/4.5.2/../../..]
    arg [-L/usr/lib/x86_64-linux-gnu] ==> dir [/usr/lib/x86_64-linux-gnu]
    arg [CMakeFiles/cmTryCompileExec.dir/CMakeCCompilerABI.c.o] ==> ignore
    arg [-lgcc] ==> lib [gcc]
    arg [--as-needed] ==> ignore
    arg [-lgcc_s] ==> lib [gcc_s]
    arg [--no-as-needed] ==> ignore
    arg [-lc] ==> lib [c]
    arg [-lgcc] ==> lib [gcc]
    arg [--as-needed] ==> ignore
    arg [-lgcc_s] ==> lib [gcc_s]
    arg [--no-as-needed] ==> ignore
    arg [/usr/lib/x86_64-linux-gnu/gcc/x86_64-linux-gnu/4.5.2/crtend.o] ==> ignore
    arg [/usr/lib/x86_64-linux-gnu/gcc/x86_64-linux-gnu/4.5.2/../../../crtn.o] ==> ignore
  remove lib [gcc]
  remove lib [gcc_s]
  remove lib [gcc]
  remove lib [gcc_s]
  collapse dir [/usr/lib/x86_64-linux-gnu/gcc/x86_64-linux-gnu/4.5.2] ==> [/usr/lib/x86_64-linux-gnu/gcc/x86_64-linux-gnu/4.5.2]
  collapse dir [/usr/lib/x86_64-linux-gnu/gcc/x86_64-linux-gnu/4.5.2/../../..] ==> [/usr/lib/x86_64-linux-gnu]
  collapse dir [/usr/lib/x86_64-linux-gnu] ==> [/usr/lib/x86_64-linux-gnu]
  implicit libs: [c]
  implicit dirs: [/usr/lib/x86_64-linux-gnu/gcc/x86_64-linux-gnu/4.5.2;/usr/lib/x86_64-linux-gnu]


Determining if the CXX compiler works passed with the following output:
Change Dir: /home/goleary/pcl/trunk/doc/tutorials/content/sources/remove_outliers/build/CMakeFiles/CMakeTmp

Run Build Command:/usr/bin/make "cmTryCompileExec/fast"
/usr/bin/make -f CMakeFiles/cmTryCompileExec.dir/build.make CMakeFiles/cmTryCompileExec.dir/build
make[1]: Entering directory `/home/goleary/pcl/trunk/doc/tutorials/content/sources/remove_outliers/build/CMakeFiles/CMakeTmp'
/usr/bin/cmake -E cmake_progress_report /home/goleary/pcl/trunk/doc/tutorials/content/sources/remove_outliers/build/CMakeFiles/CMakeTmp/CMakeFiles 1
Building CXX object CMakeFiles/cmTryCompileExec.dir/testCXXCompiler.cxx.o
/usr/bin/c++     -o CMakeFiles/cmTryCompileExec.dir/testCXXCompiler.cxx.o -c /home/goleary/pcl/trunk/doc/tutorials/content/sources/remove_outliers/build/CMakeFiles/CMakeTmp/testCXXCompiler.cxx
Linking CXX executable cmTryCompileExec
/usr/bin/cmake -E cmake_link_script CMakeFiles/cmTryCompileExec.dir/link.txt --verbose=1
/usr/bin/c++         CMakeFiles/cmTryCompileExec.dir/testCXXCompiler.cxx.o  -o cmTryCompileExec -rdynamic 
make[1]: Leaving directory `/home/goleary/pcl/trunk/doc/tutorials/content/sources/remove_outliers/build/CMakeFiles/CMakeTmp'


Detecting CXX compiler ABI info compiled with the following output:
Change Dir: /home/goleary/pcl/trunk/doc/tutorials/content/sources/remove_outliers/build/CMakeFiles/CMakeTmp

Run Build Command:/usr/bin/make "cmTryCompileExec/fast"
/usr/bin/make -f CMakeFiles/cmTryCompileExec.dir/build.make CMakeFiles/cmTryCompileExec.dir/build
make[1]: Entering directory `/home/goleary/pcl/trunk/doc/tutorials/content/sources/remove_outliers/build/CMakeFiles/CMakeTmp'
/usr/bin/cmake -E cmake_progress_report /home/goleary/pcl/trunk/doc/tutorials/content/sources/remove_outliers/build/CMakeFiles/CMakeTmp/CMakeFiles 1
Building CXX object CMakeFiles/cmTryCompileExec.dir/CMakeCXXCompilerABI.cpp.o
/usr/bin/c++     -o CMakeFiles/cmTryCompileExec.dir/CMakeCXXCompilerABI.cpp.o -c /usr/share/cmake-2.8/Modules/CMakeCXXCompilerABI.cpp
Linking CXX executable cmTryCompileExec
/usr/bin/cmake -E cmake_link_script CMakeFiles/cmTryCompileExec.dir/link.txt --verbose=1
/usr/bin/c++        -v CMakeFiles/cmTryCompileExec.dir/CMakeCXXCompilerABI.cpp.o  -o cmTryCompileExec -rdynamic  
Using built-in specs.
COLLECT_GCC=/usr/bin/c++
COLLECT_LTO_WRAPPER=/usr/lib/x86_64-linux-gnu/gcc/x86_64-linux-gnu/4.5.2/lto-wrapper
Target: x86_64-linux-gnu
Configured with: ../src/configure -v --with-pkgversion='Ubuntu/Linaro 4.5.2-8ubuntu4' --with-bugurl=file:///usr/share/doc/gcc-4.5/README.Bugs --enable-languages=c,c++,fortran,objc,obj-c++ --prefix=/usr --program-suffix=-4.5 --enable-shared --enable-multiarch --with-multiarch-defaults=x86_64-linux-gnu --enable-linker-build-id --with-system-zlib --libexecdir=/usr/lib/x86_64-linux-gnu --without-included-gettext --enable-threads=posix --with-gxx-include-dir=/usr/include/c++/4.5 --libdir=/usr/lib/x86_64-linux-gnu --enable-nls --with-sysroot=/ --enable-clocale=gnu --enable-libstdcxx-debug --enable-libstdcxx-time=yes --enable-plugin --enable-gold --enable-ld=default --with-plugin-ld=ld.gold --enable-objc-gc --disable-werror --with-arch-32=i686 --with-tune=generic --enable-checking=release --build=x86_64-linux-gnu --host=x86_64-linux-gnu --target=x86_64-linux-gnu
Thread model: posix
gcc version 4.5.2 (Ubuntu/Linaro 4.5.2-8ubuntu4) 
COMPILER_PATH=/usr/lib/x86_64-linux-gnu/gcc/x86_64-linux-gnu/4.5.2/:/usr/lib/x86_64-linux-gnu/gcc/x86_64-linux-gnu/4.5.2/:/usr/lib/x86_64-linux-gnu/gcc/x86_64-linux-gnu/:/usr/lib/x86_64-linux-gnu/gcc/x86_64-linux-gnu/4.5.2/:/usr/lib/x86_64-linux-gnu/gcc/x86_64-linux-gnu/
LIBRARY_PATH=/usr/lib/x86_64-linux-gnu/gcc/x86_64-linux-gnu/4.5.2/:/usr/lib/x86_64-linux-gnu/gcc/x86_64-linux-gnu/4.5.2/../../../:/lib/:/usr/lib/:/usr/lib/x86_64-linux-gnu/
COLLECT_GCC_OPTIONS='-v' '-o' 'cmTryCompileExec' '-rdynamic' '-shared-libgcc' '-mtune=generic' '-march=x86-64'
 /usr/lib/x86_64-linux-gnu/gcc/x86_64-linux-gnu/4.5.2/collect2 --build-id --eh-frame-hdr -m elf_x86_64 --hash-style=gnu -export-dynamic -dynamic-linker /lib64/ld-linux-x86-64.so.2 -z relro -o cmTryCompileExec /usr/lib/x86_64-linux-gnu/gcc/x86_64-linux-gnu/4.5.2/../../../crt1.o /usr/lib/x86_64-linux-gnu/gcc/x86_64-linux-gnu/4.5.2/../../../crti.o /usr/lib/x86_64-linux-gnu/gcc/x86_64-linux-gnu/4.5.2/crtbegin.o -L/usr/lib/x86_64-linux-gnu/gcc/x86_64-linux-gnu/4.5.2 -L/usr/lib/x86_64-linux-gnu/gcc/x86_64-linux-gnu/4.5.2/../../.. -L/usr/lib/x86_64-linux-gnu CMakeFiles/cmTryCompileExec.dir/CMakeCXXCompilerABI.cpp.o -lstdc++ -lm -lgcc_s -lgcc -lc -lgcc_s -lgcc /usr/lib/x86_64-linux-gnu/gcc/x86_64-linux-gnu/4.5.2/crtend.o /usr/lib/x86_64-linux-gnu/gcc/x86_64-linux-gnu/4.5.2/../../../crtn.o
make[1]: Leaving directory `/home/goleary/pcl/trunk/doc/tutorials/content/sources/remove_outliers/build/CMakeFiles/CMakeTmp'


Parsed CXX implicit link information from above output:
  link line regex: [^( *|.*[/\])(ld|ld|collect2)[^/\]*( |$)]
  ignore line: [Change Dir: /home/goleary/pcl/trunk/doc/tutorials/content/sources/remove_outliers/build/CMakeFiles/CMakeTmp]
  ignore line: []
  ignore line: [Run Build Command:/usr/bin/make "cmTryCompileExec/fast"]
  ignore line: [/usr/bin/make -f CMakeFiles/cmTryCompileExec.dir/build.make CMakeFiles/cmTryCompileExec.dir/build]
  ignore line: [make[1]: Entering directory `/home/goleary/pcl/trunk/doc/tutorials/content/sources/remove_outliers/build/CMakeFiles/CMakeTmp']
  ignore line: [/usr/bin/cmake -E cmake_progress_report /home/goleary/pcl/trunk/doc/tutorials/content/sources/remove_outliers/build/CMakeFiles/CMakeTmp/CMakeFiles 1]
  ignore line: [Building CXX object CMakeFiles/cmTryCompileExec.dir/CMakeCXXCompilerABI.cpp.o]
  ignore line: [/usr/bin/c++     -o CMakeFiles/cmTryCompileExec.dir/CMakeCXXCompilerABI.cpp.o -c /usr/share/cmake-2.8/Modules/CMakeCXXCompilerABI.cpp]
  ignore line: [Linking CXX executable cmTryCompileExec]
  ignore line: [/usr/bin/cmake -E cmake_link_script CMakeFiles/cmTryCompileExec.dir/link.txt --verbose=1]
  ignore line: [/usr/bin/c++        -v CMakeFiles/cmTryCompileExec.dir/CMakeCXXCompilerABI.cpp.o  -o cmTryCompileExec -rdynamic  ]
  ignore line: [Using built-in specs.]
  ignore line: [COLLECT_GCC=/usr/bin/c++]
  ignore line: [COLLECT_LTO_WRAPPER=/usr/lib/x86_64-linux-gnu/gcc/x86_64-linux-gnu/4.5.2/lto-wrapper]
  ignore line: [Target: x86_64-linux-gnu]
  ignore line: [Configured with: ../src/configure -v --with-pkgversion='Ubuntu/Linaro 4.5.2-8ubuntu4' --with-bugurl=file:///usr/share/doc/gcc-4.5/README.Bugs --enable-languages=c,c++,fortran,objc,obj-c++ --prefix=/usr --program-suffix=-4.5 --enable-shared --enable-multiarch --with-multiarch-defaults=x86_64-linux-gnu --enable-linker-build-id --with-system-zlib --libexecdir=/usr/lib/x86_64-linux-gnu --without-included-gettext --enable-threads=posix --with-gxx-include-dir=/usr/include/c++/4.5 --libdir=/usr/lib/x86_64-linux-gnu --enable-nls --with-sysroot=/ --enable-clocale=gnu --enable-libstdcxx-debug --enable-libstdcxx-time=yes --enable-plugin --enable-gold --enable-ld=default --with-plugin-ld=ld.gold --enable-objc-gc --disable-werror --with-arch-32=i686 --with-tune=generic --enable-checking=release --build=x86_64-linux-gnu --host=x86_64-linux-gnu --target=x86_64-linux-gnu]
  ignore line: [Thread model: posix]
  ignore line: [gcc version 4.5.2 (Ubuntu/Linaro 4.5.2-8ubuntu4) ]
  ignore line: [COMPILER_PATH=/usr/lib/x86_64-linux-gnu/gcc/x86_64-linux-gnu/4.5.2/:/usr/lib/x86_64-linux-gnu/gcc/x86_64-linux-gnu/4.5.2/:/usr/lib/x86_64-linux-gnu/gcc/x86_64-linux-gnu/:/usr/lib/x86_64-linux-gnu/gcc/x86_64-linux-gnu/4.5.2/:/usr/lib/x86_64-linux-gnu/gcc/x86_64-linux-gnu/]
  ignore line: [LIBRARY_PATH=/usr/lib/x86_64-linux-gnu/gcc/x86_64-linux-gnu/4.5.2/:/usr/lib/x86_64-linux-gnu/gcc/x86_64-linux-gnu/4.5.2/../../../:/lib/:/usr/lib/:/usr/lib/x86_64-linux-gnu/]
  ignore line: [COLLECT_GCC_OPTIONS='-v' '-o' 'cmTryCompileExec' '-rdynamic' '-shared-libgcc' '-mtune=generic' '-march=x86-64']
  link line: [ /usr/lib/x86_64-linux-gnu/gcc/x86_64-linux-gnu/4.5.2/collect2 --build-id --eh-frame-hdr -m elf_x86_64 --hash-style=gnu -export-dynamic -dynamic-linker /lib64/ld-linux-x86-64.so.2 -z relro -o cmTryCompileExec /usr/lib/x86_64-linux-gnu/gcc/x86_64-linux-gnu/4.5.2/../../../crt1.o /usr/lib/x86_64-linux-gnu/gcc/x86_64-linux-gnu/4.5.2/../../../crti.o /usr/lib/x86_64-linux-gnu/gcc/x86_64-linux-gnu/4.5.2/crtbegin.o -L/usr/lib/x86_64-linux-gnu/gcc/x86_64-linux-gnu/4.5.2 -L/usr/lib/x86_64-linux-gnu/gcc/x86_64-linux-gnu/4.5.2/../../.. -L/usr/lib/x86_64-linux-gnu CMakeFiles/cmTryCompileExec.dir/CMakeCXXCompilerABI.cpp.o -lstdc++ -lm -lgcc_s -lgcc -lc -lgcc_s -lgcc /usr/lib/x86_64-linux-gnu/gcc/x86_64-linux-gnu/4.5.2/crtend.o /usr/lib/x86_64-linux-gnu/gcc/x86_64-linux-gnu/4.5.2/../../../crtn.o]
    arg [/usr/lib/x86_64-linux-gnu/gcc/x86_64-linux-gnu/4.5.2/collect2] ==> ignore
    arg [--build-id] ==> ignore
    arg [--eh-frame-hdr] ==> ignore
    arg [-m] ==> ignore
    arg [elf_x86_64] ==> ignore
    arg [--hash-style=gnu] ==> ignore
    arg [-export-dynamic] ==> ignore
    arg [-dynamic-linker] ==> ignore
    arg [/lib64/ld-linux-x86-64.so.2] ==> ignore
    arg [-zrelro] ==> ignore
    arg [-o] ==> ignore
    arg [cmTryCompileExec] ==> ignore
    arg [/usr/lib/x86_64-linux-gnu/gcc/x86_64-linux-gnu/4.5.2/../../../crt1.o] ==> ignore
    arg [/usr/lib/x86_64-linux-gnu/gcc/x86_64-linux-gnu/4.5.2/../../../crti.o] ==> ignore
    arg [/usr/lib/x86_64-linux-gnu/gcc/x86_64-linux-gnu/4.5.2/crtbegin.o] ==> ignore
    arg [-L/usr/lib/x86_64-linux-gnu/gcc/x86_64-linux-gnu/4.5.2] ==> dir [/usr/lib/x86_64-linux-gnu/gcc/x86_64-linux-gnu/4.5.2]
    arg [-L/usr/lib/x86_64-linux-gnu/gcc/x86_64-linux-gnu/4.5.2/../../..] ==> dir [/usr/lib/x86_64-linux-gnu/gcc/x86_64-linux-gnu/4.5.2/../../..]
    arg [-L/usr/lib/x86_64-linux-gnu] ==> dir [/usr/lib/x86_64-linux-gnu]
    arg [CMakeFiles/cmTryCompileExec.dir/CMakeCXXCompilerABI.cpp.o] ==> ignore
    arg [-lstdc++] ==> lib [stdc++]
    arg [-lm] ==> lib [m]
    arg [-lgcc_s] ==> lib [gcc_s]
    arg [-lgcc] ==> lib [gcc]
    arg [-lc] ==> lib [c]
    arg [-lgcc_s] ==> lib [gcc_s]
    arg [-lgcc] ==> lib [gcc]
    arg [/usr/lib/x86_64-linux-gnu/gcc/x86_64-linux-gnu/4.5.2/crtend.o] ==> ignore
    arg [/usr/lib/x86_64-linux-gnu/gcc/x86_64-linux-gnu/4.5.2/../../../crtn.o] ==> ignore
  remove lib [gcc_s]
  remove lib [gcc]
  remove lib [gcc_s]
  remove lib [gcc]
  collapse dir [/usr/lib/x86_64-linux-gnu/gcc/x86_64-linux-gnu/4.5.2] ==> [/usr/lib/x86_64-linux-gnu/gcc/x86_64-linux-gnu/4.5.2]
  collapse dir [/usr/lib/x86_64-linux-gnu/gcc/x86_64-linux-gnu/4.5.2/../../..] ==> [/usr/lib/x86_64-linux-gnu]
  collapse dir [/usr/lib/x86_64-linux-gnu] ==> [/usr/lib/x86_64-linux-gnu]
  implicit libs: [stdc++;m;c]
  implicit dirs: [/usr/lib/x86_64-linux-gnu/gcc/x86_64-linux-gnu/4.5.2;/usr/lib/x86_64-linux-gnu]


